<?xml version="1.0" encoding="UTF-8"?>
<!-- Generated by org.testng.reporters.JUnitReportReporter -->
<testsuite skipped="0" hostname="DESKTOP-SLOQJFT" name="Handlefilepopup.Filepopup" tests="1" failures="0" timestamp="08 Feb 2019 10:42:34 GMT" time="11.773" errors="0">
  <testcase name="HandleFilePopup" time="11.773" classname="Handlefilepopup.Filepopup"/>
</testsuite> <!-- Handlefilepopup.Filepopup -->
