<?xml version="1.0" encoding="UTF-8"?>
<!-- Generated by org.testng.reporters.JUnitReportReporter -->
<testsuite skipped="0" hostname="AmirPC" name="JS_AlertPopup.alertpopupclss" tests="1" failures="0" timestamp="20 Jun 2019 12:06:07 GMT" time="18.546" errors="0">
  <testcase name="AlertPopup" time="18.546" classname="JS_AlertPopup.alertpopupclss"/>
</testsuite> <!-- JS_AlertPopup.alertpopupclss -->
