<?xml version="1.0" encoding="UTF-8"?>
<!-- Generated by org.testng.reporters.JUnitReportReporter -->
<testsuite skipped="0" hostname="AmirPC" name="udemyproject.udemy_handledropdowns" tests="1" failures="0" timestamp="05 Mar 2019 09:26:10 GMT" time="17.065" errors="0">
  <testcase name="f" time="17.065" classname="udemyproject.udemy_handledropdowns"/>
</testsuite> <!-- udemyproject.udemy_handledropdowns -->
